INFO:     Will watch for changes in these directories: ['D:\\new erp frontend - Copy\\erp-backend']
INFO:     Uvicorn running on http://0.0.0.0:8000 (Press CTRL+C to quit)
INFO:     Started reloader process [24296] using StatReload
INFO:     Started server process [12936]
INFO:     Waiting for application startup.
INFO:     Application startup complete.
WARNING:  StatReload detected changes in 'app\projects\schemas.py'. Reloading...
INFO:     Shutting down
INFO:     Waiting for application shutdown.
INFO:     Application shutdown complete.
INFO:     Finished server process [12936]
INFO:     Started server process [10568]
INFO:     Waiting for application startup.
INFO:     Application startup complete.
WARNING:  StatReload detected changes in 'app\projects\routes.py'. Reloading...
INFO:     Shutting down
INFO:     Waiting for application shutdown.
INFO:     Application shutdown complete.
INFO:     Finished server process [10568]
INFO:     Started server process [17184]
INFO:     Waiting for application startup.
INFO:     Application startup complete.
WARNING:  StatReload detected changes in 'app\bi\service.py'. Reloading...
INFO:     Shutting down
INFO:     Waiting for application shutdown.
INFO:     Application shutdown complete.
INFO:     Finished server process [17184]
INFO:     Started server process [15264]
INFO:     Waiting for application startup.
INFO:     Application startup complete.
WARNING:  StatReload detected changes in 'app\hrm\schemas.py'. Reloading...
INFO:     Shutting down
INFO:     Waiting for application shutdown.
INFO:     Application shutdown complete.
INFO:     Finished server process [15264]
INFO:     Started server process [20268]
INFO:     Waiting for application startup.
INFO:     Application startup complete.
WARNING:  StatReload detected changes in 'app\hrm\routes.py'. Reloading...
INFO:     Shutting down
INFO:     Waiting for application shutdown.
INFO:     Application shutdown complete.
INFO:     Finished server process [20268]
Process SpawnProcess-6:
Traceback (most recent call last):
  File "D:\new erp frontend - Copy\erp-backend\venv\lib\site-packages\sqlalchemy\engine\base.py", line 143, in __init__
    self._dbapi_connection = engine.raw_connection()
  File "D:\new erp frontend - Copy\erp-backend\venv\lib\site-packages\sqlalchemy\engine\base.py", line 3309, in raw_connection
    return self.pool.connect()
  File "D:\new erp frontend - Copy\erp-backend\venv\lib\site-packages\sqlalchemy\pool\base.py", line 447, in connect
    return _ConnectionFairy._checkout(self)
  File "D:\new erp frontend - Copy\erp-backend\venv\lib\site-packages\sqlalchemy\pool\base.py", line 1264, in _checkout
    fairy = _ConnectionRecord.checkout(pool)
  File "D:\new erp frontend - Copy\erp-backend\venv\lib\site-packages\sqlalchemy\pool\base.py", line 711, in checkout
    rec = pool._do_get()
  File "D:\new erp frontend - Copy\erp-backend\venv\lib\site-packages\sqlalchemy\pool\impl.py", line 177, in _do_get
    with util.safe_reraise():
  File "D:\new erp frontend - Copy\erp-backend\venv\lib\site-packages\sqlalchemy\util\langhelpers.py", line 224, in __exit__
    raise exc_value.with_traceback(exc_tb)
  File "D:\new erp frontend - Copy\erp-backend\venv\lib\site-packages\sqlalchemy\pool\impl.py", line 175, in _do_get
    return self._create_connection()
  File "D:\new erp frontend - Copy\erp-backend\venv\lib\site-packages\sqlalchemy\pool\base.py", line 388, in _create_connection
    return _ConnectionRecord(self)
  File "D:\new erp frontend - Copy\erp-backend\venv\lib\site-packages\sqlalchemy\pool\base.py", line 673, in __init__
    self.__connect()
  File "D:\new erp frontend - Copy\erp-backend\venv\lib\site-packages\sqlalchemy\pool\base.py", line 899, in __connect
    with util.safe_reraise():
  File "D:\new erp frontend - Copy\erp-backend\venv\lib\site-packages\sqlalchemy\util\langhelpers.py", line 224, in __exit__
    raise exc_value.with_traceback(exc_tb)
  File "D:\new erp frontend - Copy\erp-backend\venv\lib\site-packages\sqlalchemy\pool\base.py", line 895, in __connect
    self.dbapi_connection = connection = pool._invoke_creator(self)
  File "D:\new erp frontend - Copy\erp-backend\venv\lib\site-packages\sqlalchemy\engine\create.py", line 661, in connect
    return dialect.connect(*cargs, **cparams)
  File "D:\new erp frontend - Copy\erp-backend\venv\lib\site-packages\sqlalchemy\engine\default.py", line 630, in connect
    return self.loaded_dbapi.connect(*cargs, **cparams)  # type: ignore[no-any-return]  # NOQA: E501
  File "D:\new erp frontend - Copy\erp-backend\venv\lib\site-packages\psycopg2\__init__.py", line 122, in connect
    conn = _connect(dsn, connection_factory=connection_factory, **kwasync)
psycopg2.OperationalError: connection to server at "localhost" (::1), port 5434 failed: Connection refused (0x0000274D/10061)
	Is the server running on that host and accepting TCP/IP connections?
connection to server at "localhost" (127.0.0.1), port 5434 failed: Connection refused (0x0000274D/10061)
	Is the server running on that host and accepting TCP/IP connections?


The above exception was the direct cause of the following exception:

Traceback (most recent call last):
  File "C:\Users\gautam\AppData\Local\Programs\Python\Python310\lib\multiprocessing\process.py", line 314, in _bootstrap
    self.run()
  File "C:\Users\gautam\AppData\Local\Programs\Python\Python310\lib\multiprocessing\process.py", line 108, in run
    self._target(*self._args, **self._kwargs)
  File "D:\new erp frontend - Copy\erp-backend\venv\lib\site-packages\uvicorn\_subprocess.py", line 80, in subprocess_started
    target(sockets=sockets)
  File "D:\new erp frontend - Copy\erp-backend\venv\lib\site-packages\uvicorn\server.py", line 67, in run
    return asyncio_run(self.serve(sockets=sockets), loop_factory=self.config.get_loop_factory())
  File "D:\new erp frontend - Copy\erp-backend\venv\lib\site-packages\uvicorn\_compat.py", line 60, in asyncio_run
    return loop.run_until_complete(main)
  File "C:\Users\gautam\AppData\Local\Programs\Python\Python310\lib\asyncio\base_events.py", line 649, in run_until_complete
    return future.result()
  File "D:\new erp frontend - Copy\erp-backend\venv\lib\site-packages\uvicorn\server.py", line 71, in serve
    await self._serve(sockets)
  File "D:\new erp frontend - Copy\erp-backend\venv\lib\site-packages\uvicorn\server.py", line 78, in _serve
    config.load()
  File "D:\new erp frontend - Copy\erp-backend\venv\lib\site-packages\uvicorn\config.py", line 439, in load
    self.loaded_app = import_from_string(self.app)
  File "D:\new erp frontend - Copy\erp-backend\venv\lib\site-packages\uvicorn\importer.py", line 19, in import_from_string
    module = importlib.import_module(module_str)
  File "C:\Users\gautam\AppData\Local\Programs\Python\Python310\lib\importlib\__init__.py", line 126, in import_module
    return _bootstrap._gcd_import(name[level:], package, level)
  File "<frozen importlib._bootstrap>", line 1050, in _gcd_import
  File "<frozen importlib._bootstrap>", line 1027, in _find_and_load
  File "<frozen importlib._bootstrap>", line 1006, in _find_and_load_unlocked
  File "<frozen importlib._bootstrap>", line 688, in _load_unlocked
  File "<frozen importlib._bootstrap_external>", line 883, in exec_module
  File "<frozen importlib._bootstrap>", line 241, in _call_with_frames_removed
  File "D:\new erp frontend - Copy\erp-backend\app\main.py", line 44, in <module>
    Base.metadata.create_all(bind=engine)
  File "D:\new erp frontend - Copy\erp-backend\venv\lib\site-packages\sqlalchemy\sql\schema.py", line 5928, in create_all
    bind._run_ddl_visitor(
  File "D:\new erp frontend - Copy\erp-backend\venv\lib\site-packages\sqlalchemy\engine\base.py", line 3259, in _run_ddl_visitor
    with self.begin() as conn:
  File "C:\Users\gautam\AppData\Local\Programs\Python\Python310\lib\contextlib.py", line 135, in __enter__
    return next(self.gen)
  File "D:\new erp frontend - Copy\erp-backend\venv\lib\site-packages\sqlalchemy\engine\base.py", line 3249, in begin
    with self.connect() as conn:
  File "D:\new erp frontend - Copy\erp-backend\venv\lib\site-packages\sqlalchemy\engine\base.py", line 3285, in connect
    return self._connection_cls(self)
  File "D:\new erp frontend - Copy\erp-backend\venv\lib\site-packages\sqlalchemy\engine\base.py", line 145, in __init__
    Connection._handle_dbapi_exception_noconnection(
  File "D:\new erp frontend - Copy\erp-backend\venv\lib\site-packages\sqlalchemy\engine\base.py", line 2448, in _handle_dbapi_exception_noconnection
    raise sqlalchemy_exception.with_traceback(exc_info[2]) from e
  File "D:\new erp frontend - Copy\erp-backend\venv\lib\site-packages\sqlalchemy\engine\base.py", line 143, in __init__
    self._dbapi_connection = engine.raw_connection()
  File "D:\new erp frontend - Copy\erp-backend\venv\lib\site-packages\sqlalchemy\engine\base.py", line 3309, in raw_connection
    return self.pool.connect()
  File "D:\new erp frontend - Copy\erp-backend\venv\lib\site-packages\sqlalchemy\pool\base.py", line 447, in connect
    return _ConnectionFairy._checkout(self)
  File "D:\new erp frontend - Copy\erp-backend\venv\lib\site-packages\sqlalchemy\pool\base.py", line 1264, in _checkout
    fairy = _ConnectionRecord.checkout(pool)
  File "D:\new erp frontend - Copy\erp-backend\venv\lib\site-packages\sqlalchemy\pool\base.py", line 711, in checkout
    rec = pool._do_get()
  File "D:\new erp frontend - Copy\erp-backend\venv\lib\site-packages\sqlalchemy\pool\impl.py", line 177, in _do_get
    with util.safe_reraise():
  File "D:\new erp frontend - Copy\erp-backend\venv\lib\site-packages\sqlalchemy\util\langhelpers.py", line 224, in __exit__
    raise exc_value.with_traceback(exc_tb)
  File "D:\new erp frontend - Copy\erp-backend\venv\lib\site-packages\sqlalchemy\pool\impl.py", line 175, in _do_get
    return self._create_connection()
  File "D:\new erp frontend - Copy\erp-backend\venv\lib\site-packages\sqlalchemy\pool\base.py", line 388, in _create_connection
    return _ConnectionRecord(self)
  File "D:\new erp frontend - Copy\erp-backend\venv\lib\site-packages\sqlalchemy\pool\base.py", line 673, in __init__
    self.__connect()
  File "D:\new erp frontend - Copy\erp-backend\venv\lib\site-packages\sqlalchemy\pool\base.py", line 899, in __connect
    with util.safe_reraise():
  File "D:\new erp frontend - Copy\erp-backend\venv\lib\site-packages\sqlalchemy\util\langhelpers.py", line 224, in __exit__
    raise exc_value.with_traceback(exc_tb)
  File "D:\new erp frontend - Copy\erp-backend\venv\lib\site-packages\sqlalchemy\pool\base.py", line 895, in __connect
    self.dbapi_connection = connection = pool._invoke_creator(self)
  File "D:\new erp frontend - Copy\erp-backend\venv\lib\site-packages\sqlalchemy\engine\create.py", line 661, in connect
    return dialect.connect(*cargs, **cparams)
  File "D:\new erp frontend - Copy\erp-backend\venv\lib\site-packages\sqlalchemy\engine\default.py", line 630, in connect
    return self.loaded_dbapi.connect(*cargs, **cparams)  # type: ignore[no-any-return]  # NOQA: E501
  File "D:\new erp frontend - Copy\erp-backend\venv\lib\site-packages\psycopg2\__init__.py", line 122, in connect
    conn = _connect(dsn, connection_factory=connection_factory, **kwasync)
sqlalchemy.exc.OperationalError: (psycopg2.OperationalError) connection to server at "localhost" (::1), port 5434 failed: Connection refused (0x0000274D/10061)
	Is the server running on that host and accepting TCP/IP connections?
connection to server at "localhost" (127.0.0.1), port 5434 failed: Connection refused (0x0000274D/10061)
	Is the server running on that host and accepting TCP/IP connections?

(Background on this error at: https://sqlalche.me/e/20/e3q8)
WARNING:  StatReload detected changes in 'seed_system.py'. Reloading...
INFO:     Started server process [2204]
INFO:     Waiting for application startup.
INFO:     Application startup complete.
WARNING:  StatReload detected changes in 'seed_dummy.py'. Reloading...
INFO:     Shutting down
INFO:     Waiting for application shutdown.
INFO:     Application shutdown complete.
INFO:     Finished server process [2204]
INFO:     Started server process [16380]
INFO:     Waiting for application startup.
INFO:     Application startup complete.
WARNING:  StatReload detected changes in 'app\hrm\models.py'. Reloading...
INFO:     Shutting down
INFO:     Waiting for application shutdown.
INFO:     Application shutdown complete.
INFO:     Finished server process [16380]
Process SpawnProcess-9:
Traceback (most recent call last):
  File "C:\Users\gautam\AppData\Local\Programs\Python\Python310\lib\multiprocessing\process.py", line 314, in _bootstrap
    self.run()
  File "C:\Users\gautam\AppData\Local\Programs\Python\Python310\lib\multiprocessing\process.py", line 108, in run
    self._target(*self._args, **self._kwargs)
  File "D:\new erp frontend - Copy\erp-backend\venv\lib\site-packages\uvicorn\_subprocess.py", line 80, in subprocess_started
    target(sockets=sockets)
  File "D:\new erp frontend - Copy\erp-backend\venv\lib\site-packages\uvicorn\server.py", line 67, in run
    return asyncio_run(self.serve(sockets=sockets), loop_factory=self.config.get_loop_factory())
  File "D:\new erp frontend - Copy\erp-backend\venv\lib\site-packages\uvicorn\_compat.py", line 60, in asyncio_run
    return loop.run_until_complete(main)
  File "C:\Users\gautam\AppData\Local\Programs\Python\Python310\lib\asyncio\base_events.py", line 649, in run_until_complete
    return future.result()
  File "D:\new erp frontend - Copy\erp-backend\venv\lib\site-packages\uvicorn\server.py", line 71, in serve
    await self._serve(sockets)
  File "D:\new erp frontend - Copy\erp-backend\venv\lib\site-packages\uvicorn\server.py", line 78, in _serve
    config.load()
  File "D:\new erp frontend - Copy\erp-backend\venv\lib\site-packages\uvicorn\config.py", line 439, in load
    self.loaded_app = import_from_string(self.app)
  File "D:\new erp frontend - Copy\erp-backend\venv\lib\site-packages\uvicorn\importer.py", line 19, in import_from_string
    module = importlib.import_module(module_str)
  File "C:\Users\gautam\AppData\Local\Programs\Python\Python310\lib\importlib\__init__.py", line 126, in import_module
    return _bootstrap._gcd_import(name[level:], package, level)
  File "<frozen importlib._bootstrap>", line 1050, in _gcd_import
  File "<frozen importlib._bootstrap>", line 1027, in _find_and_load
  File "<frozen importlib._bootstrap>", line 1006, in _find_and_load_unlocked
  File "<frozen importlib._bootstrap>", line 688, in _load_unlocked
  File "<frozen importlib._bootstrap_external>", line 883, in exec_module
  File "<frozen importlib._bootstrap>", line 241, in _call_with_frames_removed
  File "D:\new erp frontend - Copy\erp-backend\app\main.py", line 13, in <module>
    from app.hrm.routes import router as hrm_router
  File "D:\new erp frontend - Copy\erp-backend\app\hrm\routes.py", line 8, in <module>
    from app.hrm.schemas import (
ImportError: cannot import name 'LeaveResponse' from 'app.hrm.schemas' (D:\new erp frontend - Copy\erp-backend\app\hrm\schemas.py)
WARNING:  StatReload detected changes in 'verify_ess.py'. Reloading...
Process SpawnProcess-10:
Traceback (most recent call last):
  File "C:\Users\gautam\AppData\Local\Programs\Python\Python310\lib\multiprocessing\process.py", line 314, in _bootstrap
    self.run()
  File "C:\Users\gautam\AppData\Local\Programs\Python\Python310\lib\multiprocessing\process.py", line 108, in run
    self._target(*self._args, **self._kwargs)
  File "D:\new erp frontend - Copy\erp-backend\venv\lib\site-packages\uvicorn\_subprocess.py", line 80, in subprocess_started
    target(sockets=sockets)
  File "D:\new erp frontend - Copy\erp-backend\venv\lib\site-packages\uvicorn\server.py", line 67, in run
    return asyncio_run(self.serve(sockets=sockets), loop_factory=self.config.get_loop_factory())
  File "D:\new erp frontend - Copy\erp-backend\venv\lib\site-packages\uvicorn\_compat.py", line 60, in asyncio_run
    return loop.run_until_complete(main)
  File "C:\Users\gautam\AppData\Local\Programs\Python\Python310\lib\asyncio\base_events.py", line 649, in run_until_complete
    return future.result()
  File "D:\new erp frontend - Copy\erp-backend\venv\lib\site-packages\uvicorn\server.py", line 71, in serve
    await self._serve(sockets)
  File "D:\new erp frontend - Copy\erp-backend\venv\lib\site-packages\uvicorn\server.py", line 78, in _serve
    config.load()
  File "D:\new erp frontend - Copy\erp-backend\venv\lib\site-packages\uvicorn\config.py", line 439, in load
    self.loaded_app = import_from_string(self.app)
  File "D:\new erp frontend - Copy\erp-backend\venv\lib\site-packages\uvicorn\importer.py", line 19, in import_from_string
    module = importlib.import_module(module_str)
  File "C:\Users\gautam\AppData\Local\Programs\Python\Python310\lib\importlib\__init__.py", line 126, in import_module
    return _bootstrap._gcd_import(name[level:], package, level)
  File "<frozen importlib._bootstrap>", line 1050, in _gcd_import
  File "<frozen importlib._bootstrap>", line 1027, in _find_and_load
  File "<frozen importlib._bootstrap>", line 1006, in _find_and_load_unlocked
  File "<frozen importlib._bootstrap>", line 688, in _load_unlocked
  File "<frozen importlib._bootstrap_external>", line 883, in exec_module
  File "<frozen importlib._bootstrap>", line 241, in _call_with_frames_removed
  File "D:\new erp frontend - Copy\erp-backend\app\main.py", line 13, in <module>
    from app.hrm.routes import router as hrm_router
  File "D:\new erp frontend - Copy\erp-backend\app\hrm\routes.py", line 8, in <module>
    from app.hrm.schemas import (
ImportError: cannot import name 'LeaveResponse' from 'app.hrm.schemas' (D:\new erp frontend - Copy\erp-backend\app\hrm\schemas.py)
WARNING:  StatReload detected changes in 'app\hrm\schemas.py'. Reloading...
INFO:     Started server process [31096]
INFO:     Waiting for application startup.
INFO:     Application startup complete.
